<?xml version="1.0" encoding="UTF-8"?>
<testsuite xmlns:xsi="http://www.w3.org/2001/XMLSchema-instance" xsi:noNamespaceSchemaLocation="https://maven.apache.org/surefire/maven-surefire-plugin/xsd/surefire-test-report-3.0.xsd" version="3.0" name="TestSuite" time="50.208" tests="3" errors="0" skipped="0" failures="0">
  <properties>
    <property name="sun.desktop" value="windows"/>
    <property name="awt.toolkit" value="sun.awt.windows.WToolkit"/>
    <property name="file.encoding.pkg" value="sun.io"/>
    <property name="java.specification.version" value="1.8"/>
    <property name="webdriver.chrome.driver" value="C:\wfw1\TRProject_Win32_ChromeV92_Latest/Browserdrivers/chromedriver.exe"/>
    <property name="sun.cpu.isalist" value="amd64"/>
    <property name="sun.jnu.encoding" value="Cp1252"/>
    <property name="java.class.path" value="C:\wfw1\TRProject_Win32_ChromeV92_Latest\target\test-classes;C:\wfw1\TRProject_Win32_ChromeV92_Latest\target\classes;C:\Users\Anirudh\.m2\repository\junit\junit\4.11\junit-4.11.jar;C:\Users\Anirudh\.m2\repository\org\hamcrest\hamcrest-core\1.3\hamcrest-core-1.3.jar;C:\Users\Anirudh\.m2\repository\org\seleniumhq\selenium\selenium-java\3.141.59\selenium-java-3.141.59.jar;C:\Users\Anirudh\.m2\repository\org\seleniumhq\selenium\selenium-api\3.141.59\selenium-api-3.141.59.jar;C:\Users\Anirudh\.m2\repository\org\seleniumhq\selenium\selenium-chrome-driver\3.141.59\selenium-chrome-driver-3.141.59.jar;C:\Users\Anirudh\.m2\repository\org\seleniumhq\selenium\selenium-edge-driver\3.141.59\selenium-edge-driver-3.141.59.jar;C:\Users\Anirudh\.m2\repository\org\seleniumhq\selenium\selenium-firefox-driver\3.141.59\selenium-firefox-driver-3.141.59.jar;C:\Users\Anirudh\.m2\repository\org\seleniumhq\selenium\selenium-ie-driver\3.141.59\selenium-ie-driver-3.141.59.jar;C:\Users\Anirudh\.m2\repository\org\seleniumhq\selenium\selenium-opera-driver\3.141.59\selenium-opera-driver-3.141.59.jar;C:\Users\Anirudh\.m2\repository\org\seleniumhq\selenium\selenium-remote-driver\3.141.59\selenium-remote-driver-3.141.59.jar;C:\Users\Anirudh\.m2\repository\org\seleniumhq\selenium\selenium-safari-driver\3.141.59\selenium-safari-driver-3.141.59.jar;C:\Users\Anirudh\.m2\repository\org\seleniumhq\selenium\selenium-support\3.141.59\selenium-support-3.141.59.jar;C:\Users\Anirudh\.m2\repository\net\bytebuddy\byte-buddy\1.8.15\byte-buddy-1.8.15.jar;C:\Users\Anirudh\.m2\repository\org\apache\commons\commons-exec\1.3\commons-exec-1.3.jar;C:\Users\Anirudh\.m2\repository\com\google\guava\guava\25.0-jre\guava-25.0-jre.jar;C:\Users\Anirudh\.m2\repository\com\google\code\findbugs\jsr305\1.3.9\jsr305-1.3.9.jar;C:\Users\Anirudh\.m2\repository\org\checkerframework\checker-compat-qual\2.0.0\checker-compat-qual-2.0.0.jar;C:\Users\Anirudh\.m2\repository\com\google\errorprone\error_prone_annotations\2.1.3\error_prone_annotations-2.1.3.jar;C:\Users\Anirudh\.m2\repository\com\google\j2objc\j2objc-annotations\1.1\j2objc-annotations-1.1.jar;C:\Users\Anirudh\.m2\repository\org\codehaus\mojo\animal-sniffer-annotations\1.14\animal-sniffer-annotations-1.14.jar;C:\Users\Anirudh\.m2\repository\com\squareup\okhttp3\okhttp\3.11.0\okhttp-3.11.0.jar;C:\Users\Anirudh\.m2\repository\com\squareup\okio\okio\1.14.0\okio-1.14.0.jar;C:\Users\Anirudh\.m2\repository\org\testng\testng\7.1.0\testng-7.1.0.jar;C:\Users\Anirudh\.m2\repository\com\beust\jcommander\1.72\jcommander-1.72.jar;C:\Users\Anirudh\.m2\repository\com\google\inject\guice\4.1.0\guice-4.1.0-no_aop.jar;C:\Users\Anirudh\.m2\repository\javax\inject\javax.inject\1\javax.inject-1.jar;C:\Users\Anirudh\.m2\repository\aopalliance\aopalliance\1.0\aopalliance-1.0.jar;C:\Users\Anirudh\.m2\repository\org\yaml\snakeyaml\1.21\snakeyaml-1.21.jar;C:\Users\Anirudh\.m2\repository\com\aventstack\extentreports\4.1.5\extentreports-4.1.5.jar;C:\Users\Anirudh\.m2\repository\org\freemarker\freemarker\2.3.29\freemarker-2.3.29.jar;C:\Users\Anirudh\.m2\repository\org\apache\httpcomponents\httpclient\4.5.2\httpclient-4.5.2.jar;C:\Users\Anirudh\.m2\repository\org\apache\httpcomponents\httpcore\4.4.4\httpcore-4.4.4.jar;C:\Users\Anirudh\.m2\repository\commons-logging\commons-logging\1.2\commons-logging-1.2.jar;C:\Users\Anirudh\.m2\repository\commons-codec\commons-codec\1.9\commons-codec-1.9.jar;C:\Users\Anirudh\.m2\repository\org\apache\httpcomponents\httpmime\4.5.2\httpmime-4.5.2.jar;C:\Users\Anirudh\.m2\repository\com\google\code\gson\gson\2.8.6\gson-2.8.6.jar;C:\Users\Anirudh\.m2\repository\org\mongodb\mongodb-driver\3.12.0\mongodb-driver-3.12.0.jar;C:\Users\Anirudh\.m2\repository\org\mongodb\mongodb-driver-core\3.12.0\mongodb-driver-core-3.12.0.jar;C:\Users\Anirudh\.m2\repository\org\mongodb\bson\3.12.0\bson-3.12.0.jar;"/>
    <property name="java.vm.vendor" value="Oracle Corporation"/>
    <property name="sun.arch.data.model" value="64"/>
    <property name="user.variant" value=""/>
    <property name="java.vendor.url" value="http://java.oracle.com/"/>
    <property name="user.timezone" value="America/Chicago"/>
    <property name="java.vm.specification.version" value="1.8"/>
    <property name="os.name" value="Windows 10"/>
    <property name="user.country" value="US"/>
    <property name="sun.java.launcher" value="SUN_STANDARD"/>
    <property name="sun.boot.library.path" value="C:\Program Files\Java\jdk1.8.0_141\jre\bin"/>
    <property name="sun.java.command" value="C:\Users\Anirudh\AppData\Local\Temp\surefire2756311769342496739\surefirebooter1345503007703259635.jar C:\Users\Anirudh\AppData\Local\Temp\surefire2756311769342496739 2021-08-26T16-54-37_495-jvmRun1 surefire3251303578708494854tmp surefire_08993505274987228292tmp"/>
    <property name="surefire.test.class.path" value="C:\wfw1\TRProject_Win32_ChromeV92_Latest\target\test-classes;C:\wfw1\TRProject_Win32_ChromeV92_Latest\target\classes;C:\Users\Anirudh\.m2\repository\junit\junit\4.11\junit-4.11.jar;C:\Users\Anirudh\.m2\repository\org\hamcrest\hamcrest-core\1.3\hamcrest-core-1.3.jar;C:\Users\Anirudh\.m2\repository\org\seleniumhq\selenium\selenium-java\3.141.59\selenium-java-3.141.59.jar;C:\Users\Anirudh\.m2\repository\org\seleniumhq\selenium\selenium-api\3.141.59\selenium-api-3.141.59.jar;C:\Users\Anirudh\.m2\repository\org\seleniumhq\selenium\selenium-chrome-driver\3.141.59\selenium-chrome-driver-3.141.59.jar;C:\Users\Anirudh\.m2\repository\org\seleniumhq\selenium\selenium-edge-driver\3.141.59\selenium-edge-driver-3.141.59.jar;C:\Users\Anirudh\.m2\repository\org\seleniumhq\selenium\selenium-firefox-driver\3.141.59\selenium-firefox-driver-3.141.59.jar;C:\Users\Anirudh\.m2\repository\org\seleniumhq\selenium\selenium-ie-driver\3.141.59\selenium-ie-driver-3.141.59.jar;C:\Users\Anirudh\.m2\repository\org\seleniumhq\selenium\selenium-opera-driver\3.141.59\selenium-opera-driver-3.141.59.jar;C:\Users\Anirudh\.m2\repository\org\seleniumhq\selenium\selenium-remote-driver\3.141.59\selenium-remote-driver-3.141.59.jar;C:\Users\Anirudh\.m2\repository\org\seleniumhq\selenium\selenium-safari-driver\3.141.59\selenium-safari-driver-3.141.59.jar;C:\Users\Anirudh\.m2\repository\org\seleniumhq\selenium\selenium-support\3.141.59\selenium-support-3.141.59.jar;C:\Users\Anirudh\.m2\repository\net\bytebuddy\byte-buddy\1.8.15\byte-buddy-1.8.15.jar;C:\Users\Anirudh\.m2\repository\org\apache\commons\commons-exec\1.3\commons-exec-1.3.jar;C:\Users\Anirudh\.m2\repository\com\google\guava\guava\25.0-jre\guava-25.0-jre.jar;C:\Users\Anirudh\.m2\repository\com\google\code\findbugs\jsr305\1.3.9\jsr305-1.3.9.jar;C:\Users\Anirudh\.m2\repository\org\checkerframework\checker-compat-qual\2.0.0\checker-compat-qual-2.0.0.jar;C:\Users\Anirudh\.m2\repository\com\google\errorprone\error_prone_annotations\2.1.3\error_prone_annotations-2.1.3.jar;C:\Users\Anirudh\.m2\repository\com\google\j2objc\j2objc-annotations\1.1\j2objc-annotations-1.1.jar;C:\Users\Anirudh\.m2\repository\org\codehaus\mojo\animal-sniffer-annotations\1.14\animal-sniffer-annotations-1.14.jar;C:\Users\Anirudh\.m2\repository\com\squareup\okhttp3\okhttp\3.11.0\okhttp-3.11.0.jar;C:\Users\Anirudh\.m2\repository\com\squareup\okio\okio\1.14.0\okio-1.14.0.jar;C:\Users\Anirudh\.m2\repository\org\testng\testng\7.1.0\testng-7.1.0.jar;C:\Users\Anirudh\.m2\repository\com\beust\jcommander\1.72\jcommander-1.72.jar;C:\Users\Anirudh\.m2\repository\com\google\inject\guice\4.1.0\guice-4.1.0-no_aop.jar;C:\Users\Anirudh\.m2\repository\javax\inject\javax.inject\1\javax.inject-1.jar;C:\Users\Anirudh\.m2\repository\aopalliance\aopalliance\1.0\aopalliance-1.0.jar;C:\Users\Anirudh\.m2\repository\org\yaml\snakeyaml\1.21\snakeyaml-1.21.jar;C:\Users\Anirudh\.m2\repository\com\aventstack\extentreports\4.1.5\extentreports-4.1.5.jar;C:\Users\Anirudh\.m2\repository\org\freemarker\freemarker\2.3.29\freemarker-2.3.29.jar;C:\Users\Anirudh\.m2\repository\org\apache\httpcomponents\httpclient\4.5.2\httpclient-4.5.2.jar;C:\Users\Anirudh\.m2\repository\org\apache\httpcomponents\httpcore\4.4.4\httpcore-4.4.4.jar;C:\Users\Anirudh\.m2\repository\commons-logging\commons-logging\1.2\commons-logging-1.2.jar;C:\Users\Anirudh\.m2\repository\commons-codec\commons-codec\1.9\commons-codec-1.9.jar;C:\Users\Anirudh\.m2\repository\org\apache\httpcomponents\httpmime\4.5.2\httpmime-4.5.2.jar;C:\Users\Anirudh\.m2\repository\com\google\code\gson\gson\2.8.6\gson-2.8.6.jar;C:\Users\Anirudh\.m2\repository\org\mongodb\mongodb-driver\3.12.0\mongodb-driver-3.12.0.jar;C:\Users\Anirudh\.m2\repository\org\mongodb\mongodb-driver-core\3.12.0\mongodb-driver-core-3.12.0.jar;C:\Users\Anirudh\.m2\repository\org\mongodb\bson\3.12.0\bson-3.12.0.jar;"/>
    <property name="sun.cpu.endian" value="little"/>
    <property name="user.home" value="C:\Users\Anirudh"/>
    <property name="user.language" value="en"/>
    <property name="java.specification.vendor" value="Oracle Corporation"/>
    <property name="java.home" value="C:\Program Files\Java\jdk1.8.0_141\jre"/>
    <property name="basedir" value="C:\wfw1\TRProject_Win32_ChromeV92_Latest"/>
    <property name="file.separator" value="\"/>
    <property name="line.separator" value="&#10;"/>
    <property name="java.vm.specification.vendor" value="Oracle Corporation"/>
    <property name="java.specification.name" value="Java Platform API Specification"/>
    <property name="java.awt.graphicsenv" value="sun.awt.Win32GraphicsEnvironment"/>
    <property name="surefire.real.class.path" value="C:\Users\Anirudh\AppData\Local\Temp\surefire2756311769342496739\surefirebooter1345503007703259635.jar"/>
    <property name="sun.boot.class.path" value="C:\Program Files\Java\jdk1.8.0_141\jre\lib\resources.jar;C:\Program Files\Java\jdk1.8.0_141\jre\lib\rt.jar;C:\Program Files\Java\jdk1.8.0_141\jre\lib\sunrsasign.jar;C:\Program Files\Java\jdk1.8.0_141\jre\lib\jsse.jar;C:\Program Files\Java\jdk1.8.0_141\jre\lib\jce.jar;C:\Program Files\Java\jdk1.8.0_141\jre\lib\charsets.jar;C:\Program Files\Java\jdk1.8.0_141\jre\lib\jfr.jar;C:\Program Files\Java\jdk1.8.0_141\jre\classes"/>
    <property name="user.script" value=""/>
    <property name="sun.management.compiler" value="HotSpot 64-Bit Tiered Compilers"/>
    <property name="java.runtime.version" value="1.8.0_141-b15"/>
    <property name="user.name" value="anirudh"/>
    <property name="path.separator" value=";"/>
    <property name="os.version" value="10.0"/>
    <property name="java.endorsed.dirs" value="C:\Program Files\Java\jdk1.8.0_141\jre\lib\endorsed"/>
    <property name="java.runtime.name" value="Java(TM) SE Runtime Environment"/>
    <property name="file.encoding" value="Cp1252"/>
    <property name="java.vm.name" value="Java HotSpot(TM) 64-Bit Server VM"/>
    <property name="localRepository" value="C:\Users\Anirudh\.m2\repository"/>
    <property name="java.vendor.url.bug" value="http://bugreport.sun.com/bugreport/"/>
    <property name="java.io.tmpdir" value="C:\Users\Anirudh\AppData\Local\Temp\"/>
    <property name="java.version" value="1.8.0_141"/>
    <property name="user.dir" value="C:\wfw1\TRProject_Win32_ChromeV92_Latest"/>
    <property name="os.arch" value="amd64"/>
    <property name="java.vm.specification.name" value="Java Virtual Machine Specification"/>
    <property name="java.awt.printerjob" value="sun.awt.windows.WPrinterJob"/>
    <property name="sun.os.patch.level" value=""/>
    <property name="java.library.path" value="C:\Program Files\Java\jdk1.8.0_141\jre\bin;C:\WINDOWS\Sun\Java\bin;C:\WINDOWS\system32;C:\WINDOWS;C:\ProgramData\DockerDesktop\version-bin;C:\Program Files\Docker\Docker\Resources\bin;&quot;C:\ProgramData\Oracle\Java\javapath;&quot;;C:\Program Files (x86)\Intel\iCLS Client\;C:\Program Files\Intel\iCLS Client\;C:\WINDOWS\system32;C:\WINDOWS;C:\WINDOWS\System32\Wbem;C:\WINDOWS\System32\WindowsPowerShell\v1.0\;C:\Program Files (x86)\Intel\Intel(R) Management Engine Components\DAL;C:\Program Files\Intel\Intel(R) Management Engine Components\DAL;C:\Program Files (x86)\Intel\Intel(R) Management Engine Components\IPT;C:\Program Files\Intel\Intel(R) Management Engine Components\IPT;C:\Program Files (x86)\Shoreline Communications\ShoreWare Client\win64;C:\Program Files\TortoiseSVN\bin;C:\Maven\apache-maven-3.5.3-bin\apache-maven-3.5.3\bin;C:\WINDOWS\System32\OpenSSH\;C:\Program Files\nodejs\;C:\Program Files\Git\cmd;C:\Program Files\Java\jdk1.8.0_141\bin;C:\Users\Anirudh\AppData\Local\Microsoft\WindowsApps;C:\Users\Anirudh\AppData\Roaming\npm;C:\Users\Anirudh\AppData\Local\GitHubDesktop\bin;C:\Users\Anirudh\AppData\Local\atom\bin;C:\Users\Anirudh\AppData\Local\Microsoft\WindowsApps;;C:\Users\Anirudh\AppData\Local\Programs\Microsoft VS Code\bin;."/>
    <property name="java.vm.info" value="mixed mode"/>
    <property name="java.vendor" value="Oracle Corporation"/>
    <property name="java.vm.version" value="25.141-b15"/>
    <property name="java.ext.dirs" value="C:\Program Files\Java\jdk1.8.0_141\jre\lib\ext;C:\WINDOWS\Sun\Java\lib\ext"/>
    <property name="sun.io.unicode.encoding" value="UnicodeLittle"/>
    <property name="java.class.version" value="52.0"/>
  </properties>
  <testcase name="CanadaCareersPageDisplay_Vrfy" classname="KGTR.Problem1" time="10.28">
    <system-out><![CDATA[C:\wfw1\TRProject_Win32_ChromeV92_Latest
VERIFIED! The title of the Careers Page is work.traderev.com – Revolutionizing Automotive Sales
VERIFIED! URL of the Careers Page is https://work.traderev.com/
[CDwindow-6D6F48F6ECEEE1269CE96531DD0FB81A, CDwindow-2D566A5DC4A1E2FDA4DDFC3BFC22420C, CDwindow-81700DEA585887F112DB0A59DB36B92E]
VERIFIED! The title of the Canadian Opps Page is TradeRev
VERIFIED! URL of the Canadian Opps Page is https://jobs.lever.co/traderev
]]></system-out>
    <system-err><![CDATA[Starting ChromeDriver 92.0.4515.107 (87a818b10553a07434ea9e2b6dccf3cbe7895134-refs/branch-heads/4515@{#1634}) on port 44625
Only local connections are allowed.
Please see https://chromedriver.chromium.org/security-considerations for suggestions on keeping ChromeDriver safe.
ChromeDriver was started successfully.
Aug 26, 2021 4:54:46 PM org.openqa.selenium.remote.ProtocolHandshake createSession
INFO: Detected dialect: W3C
]]></system-err>
  </testcase>
  <testcase name="CanadianOpps_JobLocFilter_Vrfy" classname="KGTR.Problem2" time="8.568">
    <system-out><![CDATA[C:\wfw1\TRProject_Win32_ChromeV92_Latest
Job title of the job number 1 is Data Analytics Engineer (Remote) and the location of the job posting is TORONTO, ONTARIO, CANADA
Job title of the job number 2 is Master Data Steward (Remote) and the location of the job posting is TORONTO, ONTARIO, CANADA
Job title of the job number 3 is Data Engineer (Remote) and the location of the job posting is TORONTO, ONTARIO, CANADA
Job title of the job number 4 is Data Scientist (Remote) and the location of the job posting is TORONTO, ONTARIO, CANADA
Job title of the job number 5 is Machine Learning Engineer (Remote) and the location of the job posting is TORONTO, ONTARIO, CANADA
Job title of the job number 6 is Senior Data Engineer (Remote) and the location of the job posting is TORONTO, ONTARIO, CANADA
Job title of the job number 7 is Senior Site Reliability Engineer (Remote) and the location of the job posting is TORONTO, ONTARIO, CANADA
Job title of the job number 8 is Site Reliability Engineer (Remote) and the location of the job posting is TORONTO, ONTARIO, CANADA
Job title of the job number 9 is Site Reliability Engineer (Remote) and the location of the job posting is TORONTO, ONTARIO, CANADA
Job title of the job number 10 is Senior Software Developer in Test (Remote) and the location of the job posting is TORONTO, ONTARIO, CANADA
Job title of the job number 11 is Software Developer in Test (Remote) and the location of the job posting is TORONTO, ONTARIO, CANADA
Job title of the job number 12 is Software Developer in Test (Salesforce) and the location of the job posting is TORONTO, ONTARIO, CANADA
Job title of the job number 13 is Intermediate Android Developer (Remote) and the location of the job posting is TORONTO, ONTARIO, CANADA
Job title of the job number 14 is Intermediate Front End Developer (Remote) and the location of the job posting is TORONTO, ONTARIO, CANADA
Job title of the job number 15 is Intermediate iOS Developer (Remote) and the location of the job posting is TORONTO, ONTARIO, CANADA
Job title of the job number 16 is Intermediate Software Developer (Remote) and the location of the job posting is TORONTO, ONTARIO, CANADA
Job title of the job number 17 is Intermediate Software Developer (Remote) and the location of the job posting is TORONTO, ONTARIO, CANADA
Job title of the job number 18 is Salesforce Architect (Remote) and the location of the job posting is TORONTO, ONTARIO, CANADA
Job title of the job number 19 is Salesforce Developer (Remote) and the location of the job posting is TORONTO, ONTARIO, CANADA
Job title of the job number 20 is Salesforce Development Team Lead (Remote) and the location of the job posting is TORONTO, ONTARIO, CANADA
Job title of the job number 21 is Senior Android Developer (Remote) and the location of the job posting is TORONTO, ONTARIO, CANADA
Job title of the job number 22 is Senior iOS Developer (Remote) and the location of the job posting is TORONTO, ONTARIO, CANADA
Job title of the job number 23 is Senior Salesforce Developer (Remote) and the location of the job posting is TORONTO, ONTARIO, CANADA
Job title of the job number 24 is Senior Software Developer (Remote) and the location of the job posting is TORONTO, ONTARIO, CANADA
Job title of the job number 25 is Senior Software Developer, Front-End (Remote) and the location of the job posting is TORONTO, ONTARIO, CANADA
Job title of the job number 26 is Senior Software Development Engineer (Remote) and the location of the job posting is TORONTO, ONTARIO, CANADA
Job title of the job number 27 is Senior Software Engineer - KAR Global (Remote) and the location of the job posting is TORONTO, ONTARIO, CANADA
VERIFIED! Other cities are not displayed when toronto is applied as a filter
VERIFIED! Toronto indeed is the location for the displayed job posting and concluding that filer functionality is working as expected.
No. of job openings are : 27
]]></system-out>
    <system-err><![CDATA[Starting ChromeDriver 92.0.4515.107 (87a818b10553a07434ea9e2b6dccf3cbe7895134-refs/branch-heads/4515@{#1634}) on port 15320
Only local connections are allowed.
Please see https://chromedriver.chromium.org/security-considerations for suggestions on keeping ChromeDriver safe.
ChromeDriver was started successfully.
Aug 26, 2021 4:55:01 PM org.openqa.selenium.remote.ProtocolHandshake createSession
INFO: Detected dialect: W3C
]]></system-err>
  </testcase>
  <testcase name="CanadaOpps_JobLocTeamFilters_Vrfy" classname="KGTR.Problem3" time="13.887">
    <system-out><![CDATA[C:\wfw1\TRProject_Win32_ChromeV92_Latest
Job title of the job number 1 is Data Analytics Engineer (Remote) and the location of the job posting is TORONTO, ONTARIO, CANADA and the team of this job posting is ENGINEERING – ANALYTICS
Job title of the job number 2 is Master Data Steward (Remote) and the location of the job posting is TORONTO, ONTARIO, CANADA and the team of this job posting is ENGINEERING – ANALYTICS
Job title of the job number 3 is Data Engineer (Remote) and the location of the job posting is TORONTO, ONTARIO, CANADA and the team of this job posting is ENGINEERING – DATA SCIENCE
Job title of the job number 4 is Data Scientist (Remote) and the location of the job posting is TORONTO, ONTARIO, CANADA and the team of this job posting is ENGINEERING – DATA SCIENCE
Job title of the job number 5 is Machine Learning Engineer (Remote) and the location of the job posting is TORONTO, ONTARIO, CANADA and the team of this job posting is ENGINEERING – DATA SCIENCE
Job title of the job number 6 is Senior Data Engineer (Remote) and the location of the job posting is TORONTO, ONTARIO, CANADA and the team of this job posting is ENGINEERING – DATA SCIENCE
Job title of the job number 7 is Senior Site Reliability Engineer (Remote) and the location of the job posting is TORONTO, ONTARIO, CANADA and the team of this job posting is ENGINEERING – OPERATIONS ENGINEERING
Job title of the job number 8 is Site Reliability Engineer (Remote) and the location of the job posting is TORONTO, ONTARIO, CANADA and the team of this job posting is ENGINEERING – OPERATIONS ENGINEERING
Job title of the job number 9 is Site Reliability Engineer (Remote) and the location of the job posting is TORONTO, ONTARIO, CANADA and the team of this job posting is ENGINEERING – OPERATIONS ENGINEERING
Job title of the job number 10 is Senior Software Developer in Test (Remote) and the location of the job posting is TORONTO, ONTARIO, CANADA and the team of this job posting is ENGINEERING – QUALITY ASSURANCE
Job title of the job number 11 is Software Developer in Test (Remote) and the location of the job posting is TORONTO, ONTARIO, CANADA and the team of this job posting is ENGINEERING – QUALITY ASSURANCE
Job title of the job number 12 is Software Developer in Test (Salesforce) and the location of the job posting is TORONTO, ONTARIO, CANADA and the team of this job posting is ENGINEERING – QUALITY ASSURANCE
Job title of the job number 13 is Intermediate Android Developer (Remote) and the location of the job posting is TORONTO, ONTARIO, CANADA and the team of this job posting is ENGINEERING – SOFTWARE DEVELOPMENT
Job title of the job number 14 is Intermediate Front End Developer (Remote) and the location of the job posting is TORONTO, ONTARIO, CANADA and the team of this job posting is ENGINEERING – SOFTWARE DEVELOPMENT
Job title of the job number 15 is Intermediate iOS Developer (Remote) and the location of the job posting is TORONTO, ONTARIO, CANADA and the team of this job posting is ENGINEERING – SOFTWARE DEVELOPMENT
Job title of the job number 16 is Intermediate Software Developer (Remote) and the location of the job posting is TORONTO, ONTARIO, CANADA and the team of this job posting is ENGINEERING – SOFTWARE DEVELOPMENT
Job title of the job number 17 is Intermediate Software Developer (Remote) and the location of the job posting is TORONTO, ONTARIO, CANADA and the team of this job posting is ENGINEERING – SOFTWARE DEVELOPMENT
Job title of the job number 18 is Salesforce Architect (Remote) and the location of the job posting is TORONTO, ONTARIO, CANADA and the team of this job posting is ENGINEERING – SOFTWARE DEVELOPMENT
Job title of the job number 19 is Salesforce Developer (Remote) and the location of the job posting is TORONTO, ONTARIO, CANADA and the team of this job posting is ENGINEERING – SOFTWARE DEVELOPMENT
Job title of the job number 20 is Salesforce Development Team Lead (Remote) and the location of the job posting is TORONTO, ONTARIO, CANADA and the team of this job posting is ENGINEERING – SOFTWARE DEVELOPMENT
Job title of the job number 21 is Senior Android Developer (Remote) and the location of the job posting is TORONTO, ONTARIO, CANADA and the team of this job posting is ENGINEERING – SOFTWARE DEVELOPMENT
Job title of the job number 22 is Senior iOS Developer (Remote) and the location of the job posting is TORONTO, ONTARIO, CANADA and the team of this job posting is ENGINEERING – SOFTWARE DEVELOPMENT
Job title of the job number 23 is Senior Salesforce Developer (Remote) and the location of the job posting is TORONTO, ONTARIO, CANADA and the team of this job posting is ENGINEERING – SOFTWARE DEVELOPMENT
Job title of the job number 24 is Senior Software Developer (Remote) and the location of the job posting is TORONTO, ONTARIO, CANADA and the team of this job posting is ENGINEERING – SOFTWARE DEVELOPMENT
Job title of the job number 25 is Senior Software Developer, Front-End (Remote) and the location of the job posting is TORONTO, ONTARIO, CANADA and the team of this job posting is ENGINEERING – SOFTWARE DEVELOPMENT
Job title of the job number 26 is Senior Software Development Engineer (Remote) and the location of the job posting is TORONTO, ONTARIO, CANADA and the team of this job posting is ENGINEERING – SOFTWARE DEVELOPMENT
Job title of the job number 27 is Senior Software Engineer - KAR Global (Remote) and the location of the job posting is TORONTO, ONTARIO, CANADA and the team of this job posting is ENGINEERING – SOFTWARE DEVELOPMENT
VERIFIED! Other cities, teams are not displayed when toronto and Engineering are applied as a filters
VERIFIED! Toronto indeed is the location for the displayed job posting, Engineering is indeed the job's team and concluding that filer functionality is working as expected.
No. of job openings are : 27
]]></system-out>
    <system-err><![CDATA[Starting ChromeDriver 92.0.4515.107 (87a818b10553a07434ea9e2b6dccf3cbe7895134-refs/branch-heads/4515@{#1634}) on port 41270
Only local connections are allowed.
Please see https://chromedriver.chromium.org/security-considerations for suggestions on keeping ChromeDriver safe.
ChromeDriver was started successfully.
Aug 26, 2021 4:55:15 PM org.openqa.selenium.remote.ProtocolHandshake createSession
INFO: Detected dialect: W3C
]]></system-err>
  </testcase>
</testsuite>