<?xml version="1.0" encoding="UTF-8"?>
<!-- Generated by org.testng.reporters.JUnitReportReporter -->
<testsuite hostname="Anirudhs-MacBook-Air.local" failures="0" tests="1" name="KGTR.Problem2" time="6.811" errors="0" timestamp="2021-08-24T21:27:20 CDT" skipped="0">
  <testcase classname="KGTR.Problem2" name="CanadianOpps_JobLocFilter_Vrfy" time="6.811"/>
  <system-out/>
</testsuite> <!-- KGTR.Problem2 -->
