<?xml version="1.0" encoding="UTF-8"?>
<!-- Generated by org.testng.reporters.JUnitReportReporter -->
<testsuite hostname="Anirudhs-MacBook-Air.local" failures="0" tests="1" name="KGTR.Problem3" time="13.642" errors="0" timestamp="2021-08-24T21:27:20 CDT" skipped="0">
  <testcase classname="KGTR.Problem3" name="CanadaOpps_JobLocTeamFilters_Vrfy" time="13.642"/>
  <system-out/>
</testsuite> <!-- KGTR.Problem3 -->
