<?xml version="1.0" encoding="UTF-8"?>
<!-- Generated by org.testng.reporters.JUnitReportReporter -->
<testsuite skipped="0" hostname="AB029" name="KGTR.Problem3" tests="1" failures="0" timestamp="2021-08-26T16:55:30 CDT" time="13.202" errors="0">
  <testcase name="CanadaOpps_JobLocTeamFilters_Vrfy" time="13.202" classname="KGTR.Problem3"/>
  <system-out/>
</testsuite> <!-- KGTR.Problem3 -->
