<?xml version="1.0" encoding="UTF-8"?>
<!-- Generated by org.testng.reporters.JUnitReportReporter -->
<testsuite skipped="0" hostname="AB029" name="KGTR.Problem1" tests="1" failures="0" timestamp="2021-08-26T16:55:30 CDT" time="10.337" errors="0">
  <testcase name="CanadaCareersPageDisplay_Vrfy" time="10.337" classname="KGTR.Problem1"/>
  <system-out/>
</testsuite> <!-- KGTR.Problem1 -->
