<?xml version="1.0" encoding="UTF-8"?>
<!-- Generated by org.testng.reporters.JUnitReportReporter -->
<testsuite skipped="0" hostname="AB029" name="KGTR.Problem2" tests="1" failures="0" timestamp="2021-08-26T16:55:30 CDT" time="8.183" errors="0">
  <testcase name="CanadianOpps_JobLocFilter_Vrfy" time="8.183" classname="KGTR.Problem2"/>
  <system-out/>
</testsuite> <!-- KGTR.Problem2 -->
